{"uuid":"378e7ba9-47f2-45c6-9393-112fa3264dbe","historyId":"4aa852848f91810da71769da7efb4fe3","fullName":"com.xm.qa.test.LoginTest.login","labels":[{"name":"package","value":"com.xm.qa.test.LoginTest"},{"name":"testClass","value":"com.xm.qa.test.LoginTest"},{"name":"testMethod","value":"login"},{"name":"parentSuite","value":"Default suite"},{"name":"suite","value":"Default test"},{"name":"subSuite","value":"com.xm.qa.test.LoginTest"},{"name":"host","value":"optimuslap-16"},{"name":"thread","value":"7152@optimuslap-16.main(1)"}],"links":[],"name":"Verify that user is able to login successfully","status":"failed","statusDetails":{"known":false,"muted":false,"flaky":false,"message":"Assertion Failed: Unable to click and enter keyword in the textbox","trace":"java.lang.AssertionError: Assertion Failed: Unable to click and enter keyword in the textbox\r\n\tat org.testng.Assert.fail(Assert.java:83)\r\n\tat com.xm.qa.util.WebDriverUtilities.clickAndEnterKeywords(WebDriverUtilities.java:281)\r\n\tat com.xm.qa.util.UtilPage.clickAndEnterText(UtilPage.java:169)\r\n\tat com.xm.qa.pages.LoginPage.loginToApplication(LoginPage.java:76)\r\n\tat com.xm.qa.test.LoginTest.login(LoginTest.java:36)\r\n\tat sun.reflect.NativeMethodAccessorImpl.invoke0(Native Method)\r\n\tat sun.reflect.NativeMethodAccessorImpl.invoke(Unknown Source)\r\n\tat sun.reflect.DelegatingMethodAccessorImpl.invoke(Unknown Source)\r\n\tat java.lang.reflect.Method.invoke(Unknown Source)\r\n\tat org.testng.internal.MethodInvocationHelper.invokeMethod(MethodInvocationHelper.java:85)\r\n\tat org.testng.internal.Invoker.invokeMethod(Invoker.java:639)\r\n\tat org.testng.internal.Invoker.invokeTestMethod(Invoker.java:816)\r\n\tat org.testng.internal.Invoker.invokeTestMethods(Invoker.java:1124)\r\n\tat org.testng.internal.TestMethodWorker.invokeTestMethods(TestMethodWorker.java:125)\r\n\tat org.testng.internal.TestMethodWorker.run(TestMethodWorker.java:108)\r\n\tat org.testng.TestRunner.privateRun(TestRunner.java:774)\r\n\tat org.testng.TestRunner.run(TestRunner.java:624)\r\n\tat org.testng.SuiteRunner.runTest(SuiteRunner.java:359)\r\n\tat org.testng.SuiteRunner.runSequentially(SuiteRunner.java:354)\r\n\tat org.testng.SuiteRunner.privateRun(SuiteRunner.java:312)\r\n\tat org.testng.SuiteRunner.run(SuiteRunner.java:261)\r\n\tat org.testng.SuiteRunnerWorker.runSuite(SuiteRunnerWorker.java:52)\r\n\tat org.testng.SuiteRunnerWorker.run(SuiteRunnerWorker.java:86)\r\n\tat org.testng.TestNG.runSuitesSequentially(TestNG.java:1215)\r\n\tat org.testng.TestNG.runSuitesLocally(TestNG.java:1140)\r\n\tat org.testng.TestNG.run(TestNG.java:1048)\r\n\tat org.testng.remote.AbstractRemoteTestNG.run(AbstractRemoteTestNG.java:115)\r\n\tat org.testng.remote.RemoteTestNG.initAndRun(RemoteTestNG.java:251)\r\n\tat org.testng.remote.RemoteTestNG.main(RemoteTestNG.java:77)\r\nCaused by: org.openqa.selenium.TimeoutException: Expected condition failed: waiting for com.xm.qa.util.WebDriverUtilities$1@758705fa (tried for 20 second(s) with 20 MILLISECONDS interval)\nBuild info: version: '3.5.3', revision: 'a88d25fe6b', time: '2017-08-29T12:42:44.417Z'\nSystem info: host: 'OPTIMUSLAP-16', ip: '192.168.43.200', os.name: 'Windows 10', os.arch: 'amd64', os.version: '10.0', java.version: '1.8.0_221'\nDriver info: driver.version: unknown\r\n\tat org.openqa.selenium.support.ui.FluentWait.timeoutException(FluentWait.java:264)\r\n\tat org.openqa.selenium.support.ui.FluentWait.until(FluentWait.java:232)\r\n\tat com.xm.qa.util.WebDriverUtilities.waitUntilElementActionCompletes(WebDriverUtilities.java:40)\r\n\tat com.xm.qa.util.WebDriverUtilities.clickAndEnterKeywords(WebDriverUtilities.java:275)\r\n\t... 27 more\r\n"},"stage":"finished","start":1589646507456,"stop":1589646527527,"parameters":[]}